[debug] [2021-03-29T16:04:30.526Z] ----------------------------------------------------------------------
[debug] [2021-03-29T16:04:30.528Z] Command:       /usr/bin/node /usr/local/bin/firebase deploy
[debug] [2021-03-29T16:04:30.528Z] CLI Version:   9.3.0
[debug] [2021-03-29T16:04:30.528Z] Platform:      linux
[debug] [2021-03-29T16:04:30.528Z] Node Version:  v12.20.1
[debug] [2021-03-29T16:04:30.535Z] Time:          Tue Mar 30 2021 00:04:30 GMT+0800 (Singapore Standard Time)
[debug] [2021-03-29T16:04:30.536Z] ----------------------------------------------------------------------
[debug] [2021-03-29T16:04:30.536Z] 
[debug] [2021-03-29T16:04:30.548Z] > command requires scopes: ["email","openid","https://www.googleapis.com/auth/cloudplatformprojects.readonly","https://www.googleapis.com/auth/firebase","https://www.googleapis.com/auth/cloud-platform"]
[debug] [2021-03-29T16:04:30.550Z] > authorizing via signed-in user
[debug] [2021-03-29T16:04:30.550Z] [iam] checking project tigerlab-b9df4 for permissions ["firebase.projects.get","firebasehosting.sites.update"]
[debug] [2021-03-29T16:04:30.557Z] >>> HTTP REQUEST POST https://cloudresourcemanager.googleapis.com/v1/projects/tigerlab-b9df4:testIamPermissions  
 {"permissions":["firebase.projects.get","firebasehosting.sites.update"]}
[debug] [2021-03-29T16:04:31.636Z] <<< HTTP RESPONSE 200 {"content-type":"application/json; charset=UTF-8","vary":"X-Origin, Referer, Origin,Accept-Encoding","date":"Mon, 29 Mar 2021 16:04:31 GMT","server":"ESF","cache-control":"private","x-xss-protection":"0","x-frame-options":"SAMEORIGIN","x-content-type-options":"nosniff","server-timing":"gfet4t7; dur=985","alt-svc":"h3-29=\":443\"; ma=2592000,h3-T051=\":443\"; ma=2592000,h3-Q050=\":443\"; ma=2592000,h3-Q046=\":443\"; ma=2592000,h3-Q043=\":443\"; ma=2592000,quic=\":443\"; ma=2592000; v=\"46,43\"","accept-ranges":"none","transfer-encoding":"chunked"}
[debug] [2021-03-29T16:04:31.640Z] > refreshing access token with scopes: []
[debug] [2021-03-29T16:04:31.641Z] >>> HTTP REQUEST POST https://www.googleapis.com/oauth2/v3/token  
 <request body omitted>
[debug] [2021-03-29T16:04:31.725Z] <<< HTTP RESPONSE 200 {"expires":"Mon, 01 Jan 1990 00:00:00 GMT","pragma":"no-cache","cache-control":"no-cache, no-store, max-age=0, must-revalidate","date":"Mon, 29 Mar 2021 16:04:31 GMT","content-type":"application/json; charset=utf-8","vary":"X-Origin, Referer, Origin,Accept-Encoding","server":"scaffolding on HTTPServer2","x-xss-protection":"0","x-frame-options":"SAMEORIGIN","x-content-type-options":"nosniff","alt-svc":"h3-29=\":443\"; ma=2592000,h3-T051=\":443\"; ma=2592000,h3-Q050=\":443\"; ma=2592000,h3-Q046=\":443\"; ma=2592000,h3-Q043=\":443\"; ma=2592000,quic=\":443\"; ma=2592000; v=\"46,43\"","accept-ranges":"none","transfer-encoding":"chunked"}
[debug] [2021-03-29T16:04:31.742Z] >>> [apiv2][query] GET https://firebase.googleapis.com/v1beta1/projects/tigerlab-b9df4 [none]
[debug] [2021-03-29T16:04:32.046Z] <<< [apiv2][status] GET https://firebase.googleapis.com/v1beta1/projects/tigerlab-b9df4 200
[debug] [2021-03-29T16:04:32.047Z] <<< [apiv2][body] GET https://firebase.googleapis.com/v1beta1/projects/tigerlab-b9df4 {"projectId":"tigerlab-b9df4","projectNumber":"220495614982","displayName":"tigerlab","name":"projects/tigerlab-b9df4","resources":{"hostingSite":"tigerlab-b9df4","storageBucket":"tigerlab-b9df4.appspot.com","locationId":"asia-southeast2"},"state":"ACTIVE"}
[info] 
[info] === Deploying to 'tigerlab-b9df4'...
[info] 
[info] i  deploying hosting 
[debug] [2021-03-29T16:04:32.058Z] > refreshing access token with scopes: ["email","https://www.googleapis.com/auth/cloud-platform","https://www.googleapis.com/auth/cloudplatformprojects.readonly","https://www.googleapis.com/auth/firebase","openid"]
[debug] [2021-03-29T16:04:32.059Z] >>> HTTP REQUEST POST https://www.googleapis.com/oauth2/v3/token  
 <request body omitted>
[debug] [2021-03-29T16:04:32.131Z] <<< HTTP RESPONSE 200 {"cache-control":"no-cache, no-store, max-age=0, must-revalidate","pragma":"no-cache","date":"Mon, 29 Mar 2021 16:04:32 GMT","expires":"Mon, 01 Jan 1990 00:00:00 GMT","content-type":"application/json; charset=utf-8","vary":"X-Origin, Referer, Origin,Accept-Encoding","server":"scaffolding on HTTPServer2","x-xss-protection":"0","x-frame-options":"SAMEORIGIN","x-content-type-options":"nosniff","alt-svc":"h3-29=\":443\"; ma=2592000,h3-T051=\":443\"; ma=2592000,h3-Q050=\":443\"; ma=2592000,h3-Q046=\":443\"; ma=2592000,h3-Q043=\":443\"; ma=2592000,quic=\":443\"; ma=2592000; v=\"46,43\"","accept-ranges":"none","transfer-encoding":"chunked"}
[debug] [2021-03-29T16:04:32.141Z] >>> HTTP REQUEST POST https://firebasehosting.googleapis.com/v1beta1/sites/tigerlab-b9df4/versions  
 {"config":{},"labels":{"deployment-tool":"cli-firebase"}}
[debug] [2021-03-29T16:04:33.641Z] <<< HTTP RESPONSE 200 {"content-type":"application/json; charset=UTF-8","vary":"X-Origin, Referer, Origin,Accept-Encoding","date":"Mon, 29 Mar 2021 16:04:33 GMT","server":"ESF","cache-control":"private","x-xss-protection":"0","x-frame-options":"SAMEORIGIN","x-content-type-options":"nosniff","alt-svc":"h3-29=\":443\"; ma=2592000,h3-T051=\":443\"; ma=2592000,h3-Q050=\":443\"; ma=2592000,h3-Q046=\":443\"; ma=2592000,h3-Q043=\":443\"; ma=2592000,quic=\":443\"; ma=2592000; v=\"46,43\"","accept-ranges":"none","transfer-encoding":"chunked"}
[info] i  hosting[tigerlab-b9df4]: beginning deploy... 
[info] i  hosting[tigerlab-b9df4]: found 23 files in build 
[debug] [2021-03-29T16:04:34.328Z] > refreshing access token with scopes: []
[debug] [2021-03-29T16:04:34.328Z] >>> HTTP REQUEST POST https://www.googleapis.com/oauth2/v3/token  
 <request body omitted>
[debug] [2021-03-29T16:04:34.331Z] [hosting] hash cache [YnVpbGQ] stored for 23 files
[debug] [2021-03-29T16:04:34.332Z] [hosting][hash queue][FINAL] {"max":660,"min":28,"avg":97.73913043478261,"active":0,"complete":23,"success":23,"errored":0,"retried":0,"total":23,"elapsed":670}
[debug] [2021-03-29T16:04:34.424Z] <<< HTTP RESPONSE 200 {"cache-control":"no-cache, no-store, max-age=0, must-revalidate","date":"Mon, 29 Mar 2021 16:04:34 GMT","pragma":"no-cache","expires":"Mon, 01 Jan 1990 00:00:00 GMT","content-type":"application/json; charset=utf-8","vary":"X-Origin, Referer, Origin,Accept-Encoding","server":"scaffolding on HTTPServer2","x-xss-protection":"0","x-frame-options":"SAMEORIGIN","x-content-type-options":"nosniff","alt-svc":"h3-29=\":443\"; ma=2592000,h3-T051=\":443\"; ma=2592000,h3-Q050=\":443\"; ma=2592000,h3-Q046=\":443\"; ma=2592000,h3-Q043=\":443\"; ma=2592000,quic=\":443\"; ma=2592000; v=\"46,43\"","accept-ranges":"none","transfer-encoding":"chunked"}
[debug] [2021-03-29T16:04:34.432Z] >>> [apiv2][query] POST https://firebasehosting.googleapis.com/v1beta1/sites/tigerlab-b9df4/versions/d6f637cf0f69ba62:populateFiles [none]
[debug] [2021-03-29T16:04:34.433Z] >>> [apiv2][body] POST https://firebasehosting.googleapis.com/v1beta1/sites/tigerlab-b9df4/versions/d6f637cf0f69ba62:populateFiles {"files":{"/asset-manifest.json":"515e61ce1a97471b23cbbd4a43cf174881c0618a8153e3eba63346273595c65c","/index.html":"5cefccf82364ea15b8a6a1b2f96c3ba4917c9c6264708862bcc639d00629bea5","/favicon.ico":"c599b7a91ab3627e3538125d9f40adc2d4bf949046984262670545dc7738af06","/logo512.png":"7779210d56c1f3741e2e487799fe3092def4fa6ac450a60532b807c3a8971205","/logo192.png":"76c449ccb9cd117c2f2338f091b18f7050f3210e249b2228f5c81b23f34377cd","/manifest.json":"0958a5e0c831126100c8c2d06a6bbaa665a3900f21aaff4130238a6f5a113aa1","/robots.txt":"2544ca049f223a42bff01f72ad930a5edba75bbb7199d0f8430a02ff5aca16ec","/static/js/2.bbff8e5b.chunk.js.LICENSE.txt":"5ce1671f1d9cf7852630426c57bfbae788d58d2283ecab6f4887d52323505212","/static/css/2.0cfad52a.chunk.css":"652e8d055572f1749cb86687ff4224b5d28cb182c9c07238cba52400f2a78094","/static/css/2.0cfad52a.chunk.css.map":"abda5f7a3c9896264ccf0df864b765d42b2fbef89b53fa623c0ceb2420b5dcf3","/static/js/main.b2267a1e.chunk.js":"75b7f86b9d7010233a5c5d27b4e152709aded532087807ebe4b5b5d53bd717ab","/static/js/3.efc76904.chunk.js":"600ad592558996e18c912cdd764bda621b3aaf0692d763cd699b7abd9ee66e83","/static/js/3.efc76904.chunk.js.map":"9a66c72d0488a0c3f068364abbddea17d4b8dfa06c90c377d408528eabe4cbb6","/static/js/runtime-main.6674a0b3.js":"570df9abfb66e4f1d27c9b97cb5a087827c981df5f29e9fd3eda08e67b6daf82","/static/js/runtime-main.6674a0b3.js.map":"957935ac89b3a496e28e6727e766716c9ebf7183a54e868ea933d05a349a6140","/static/js/main.b2267a1e.chunk.js.map":"30e7c0526879628dab0ad7be280c7b8510d365c9d900d3004347b752ad939cca","/static/media/back-button.004d329c.svg":"f34b39b89e6f7eef318db13be2da4e8b8bad45cbf4b85f0a57a6cb3865a89c23","/static/media/loading-icon.4a043ad0.svg":"3274cf5674fab875ea39978abd60464cd383c54d0c3cee4955d6763837d1c70c","/static/media/success.5ea7dc5e.svg":"de686a47dcafae789eeda41df388c4e3b34d90b39ae4192f049468407a907398","/static/js/2.bbff8e5b.chunk.js":"95465ce40a6a72861bc4671b7bd24679077243ed8f416d8d3cda5438e2d369e6","/static/css/main.7f101ced.chunk.css":"834e3e7d37a391fa52d3da0d9290e88ad26ed031b46ae304a55dbdffaa4de801","/static/css/main.7f101ced.chunk.css.map":"b17698a93cade7ab17ed9060b08a458372471bc51401a4a58c876e6c05f678cc","/static/js/2.bbff8e5b.chunk.js.map":"1023f569e78916bddd1b495a271d1357e180e7f485324bbc3a706f16beaa5a53"}}
[debug] [2021-03-29T16:04:35.821Z] <<< [apiv2][status] POST https://firebasehosting.googleapis.com/v1beta1/sites/tigerlab-b9df4/versions/d6f637cf0f69ba62:populateFiles 200
[debug] [2021-03-29T16:04:35.821Z] <<< [apiv2][body] POST https://firebasehosting.googleapis.com/v1beta1/sites/tigerlab-b9df4/versions/d6f637cf0f69ba62:populateFiles {"uploadRequiredHashes":["75b7f86b9d7010233a5c5d27b4e152709aded532087807ebe4b5b5d53bd717ab","30e7c0526879628dab0ad7be280c7b8510d365c9d900d3004347b752ad939cca","5cefccf82364ea15b8a6a1b2f96c3ba4917c9c6264708862bcc639d00629bea5","515e61ce1a97471b23cbbd4a43cf174881c0618a8153e3eba63346273595c65c"],"uploadUrl":"https://upload-firebasehosting.googleapis.com/upload/sites/tigerlab-b9df4/versions/d6f637cf0f69ba62/files"}
[debug] [2021-03-29T16:04:35.825Z] >>> [apiv2][query] POST https://upload-firebasehosting.googleapis.com/upload/sites/tigerlab-b9df4/versions/d6f637cf0f69ba62/files/75b7f86b9d7010233a5c5d27b4e152709aded532087807ebe4b5b5d53bd717ab [none]
[debug] [2021-03-29T16:04:35.825Z] >>> [apiv2][body] POST https://upload-firebasehosting.googleapis.com/upload/sites/tigerlab-b9df4/versions/d6f637cf0f69ba62/files/75b7f86b9d7010233a5c5d27b4e152709aded532087807ebe4b5b5d53bd717ab [stream]
[debug] [2021-03-29T16:04:35.826Z] >>> [apiv2][query] POST https://upload-firebasehosting.googleapis.com/upload/sites/tigerlab-b9df4/versions/d6f637cf0f69ba62/files/30e7c0526879628dab0ad7be280c7b8510d365c9d900d3004347b752ad939cca [none]
[debug] [2021-03-29T16:04:35.826Z] >>> [apiv2][body] POST https://upload-firebasehosting.googleapis.com/upload/sites/tigerlab-b9df4/versions/d6f637cf0f69ba62/files/30e7c0526879628dab0ad7be280c7b8510d365c9d900d3004347b752ad939cca [stream]
[debug] [2021-03-29T16:04:35.827Z] >>> [apiv2][query] POST https://upload-firebasehosting.googleapis.com/upload/sites/tigerlab-b9df4/versions/d6f637cf0f69ba62/files/5cefccf82364ea15b8a6a1b2f96c3ba4917c9c6264708862bcc639d00629bea5 [none]
[debug] [2021-03-29T16:04:35.827Z] >>> [apiv2][body] POST https://upload-firebasehosting.googleapis.com/upload/sites/tigerlab-b9df4/versions/d6f637cf0f69ba62/files/5cefccf82364ea15b8a6a1b2f96c3ba4917c9c6264708862bcc639d00629bea5 [stream]
[debug] [2021-03-29T16:04:35.828Z] >>> [apiv2][query] POST https://upload-firebasehosting.googleapis.com/upload/sites/tigerlab-b9df4/versions/d6f637cf0f69ba62/files/515e61ce1a97471b23cbbd4a43cf174881c0618a8153e3eba63346273595c65c [none]
[debug] [2021-03-29T16:04:35.828Z] >>> [apiv2][body] POST https://upload-firebasehosting.googleapis.com/upload/sites/tigerlab-b9df4/versions/d6f637cf0f69ba62/files/515e61ce1a97471b23cbbd4a43cf174881c0618a8153e3eba63346273595c65c [stream]
[debug] [2021-03-29T16:04:35.829Z] [hosting][populate queue][FINAL] {"max":1496,"min":1496,"avg":1496,"active":0,"complete":1,"success":1,"errored":0,"retried":0,"total":1,"elapsed":1501}
[debug] [2021-03-29T16:04:35.829Z] [hosting] uploads queued: 4
[debug] [2021-03-29T16:04:38.642Z] <<< [apiv2][status] POST https://upload-firebasehosting.googleapis.com/upload/sites/tigerlab-b9df4/versions/d6f637cf0f69ba62/files/515e61ce1a97471b23cbbd4a43cf174881c0618a8153e3eba63346273595c65c 200
[debug] [2021-03-29T16:04:38.643Z] <<< [apiv2][body] POST https://upload-firebasehosting.googleapis.com/upload/sites/tigerlab-b9df4/versions/d6f637cf0f69ba62/files/515e61ce1a97471b23cbbd4a43cf174881c0618a8153e3eba63346273595c65c [stream]
[debug] [2021-03-29T16:04:38.676Z] <<< [apiv2][status] POST https://upload-firebasehosting.googleapis.com/upload/sites/tigerlab-b9df4/versions/d6f637cf0f69ba62/files/30e7c0526879628dab0ad7be280c7b8510d365c9d900d3004347b752ad939cca 200
[debug] [2021-03-29T16:04:38.676Z] <<< [apiv2][body] POST https://upload-firebasehosting.googleapis.com/upload/sites/tigerlab-b9df4/versions/d6f637cf0f69ba62/files/30e7c0526879628dab0ad7be280c7b8510d365c9d900d3004347b752ad939cca [stream]
